<?xml version="1.0" encoding="UTF-8"?>
<testsuite name="org.a2ui.mosaic.model.DynamicValueTest" tests="9" skipped="0" failures="0" errors="0" timestamp="2026-03-23T13:14:35" hostname="104c5d5889eb" time="0.031">
  <properties/>
  <testcase name="parse literal boolean false()" classname="org.a2ui.mosaic.model.DynamicValueTest" time="0.017"/>
  <testcase name="parse integer as number()" classname="org.a2ui.mosaic.model.DynamicValueTest" time="0.002"/>
  <testcase name="parse path reference()" classname="org.a2ui.mosaic.model.DynamicValueTest" time="0.002"/>
  <testcase name="parse literal number()" classname="org.a2ui.mosaic.model.DynamicValueTest" time="0.001"/>
  <testcase name="parse literal string()" classname="org.a2ui.mosaic.model.DynamicValueTest" time="0.0"/>
  <testcase name="parse unknown object as literal string()" classname="org.a2ui.mosaic.model.DynamicValueTest" time="0.001"/>
  <testcase name="parse function call()" classname="org.a2ui.mosaic.model.DynamicValueTest" time="0.001"/>
  <testcase name="parse literal boolean true()" classname="org.a2ui.mosaic.model.DynamicValueTest" time="0.0"/>
  <testcase name="parse literal string list()" classname="org.a2ui.mosaic.model.DynamicValueTest" time="0.001"/>
  <system-out><![CDATA[]]></system-out>
  <system-err><![CDATA[]]></system-err>
</testsuite>
