<?xml version="1.0" encoding="UTF-8"?>
<testsuite name="org.a2ui.mosaic.render.InputHandlerTest" tests="7" skipped="0" failures="0" errors="0" timestamp="2026-03-23T13:14:35" hostname="104c5d5889eb" time="0.014">
  <properties/>
  <testcase name="space toggles checkbox()" classname="org.a2ui.mosaic.render.InputHandlerTest" time="0.001"/>
  <testcase name="backspace in text field removes last character()" classname="org.a2ui.mosaic.render.InputHandlerTest" time="0.003"/>
  <testcase name="typing in text field updates data model()" classname="org.a2ui.mosaic.render.InputHandlerTest" time="0.001"/>
  <testcase name="tab navigates to next component()" classname="org.a2ui.mosaic.render.InputHandlerTest" time="0.001"/>
  <testcase name="enter in short text field moves to next field()" classname="org.a2ui.mosaic.render.InputHandlerTest" time="0.0"/>
  <testcase name="shift tab navigates to previous component()" classname="org.a2ui.mosaic.render.InputHandlerTest" time="0.0"/>
  <testcase name="enter on button dispatches action()" classname="org.a2ui.mosaic.render.InputHandlerTest" time="0.004"/>
  <system-out><![CDATA[]]></system-out>
  <system-err><![CDATA[]]></system-err>
</testsuite>
