<?xml version="1.0" encoding="UTF-8"?>
<testsuite name="org.a2ui.mosaic.focus.FocusManagerTest" tests="8" skipped="0" failures="0" errors="0" timestamp="2026-03-23T13:14:35" hostname="104c5d5889eb" time="0.067">
  <properties/>
  <testcase name="set focus to non-focusable component is ignored()" classname="org.a2ui.mosaic.focus.FocusManagerTest" time="0.054"/>
  <testcase name="nested focusable components are found()" classname="org.a2ui.mosaic.focus.FocusManagerTest" time="0.001"/>
  <testcase name="focus next cycles through components()" classname="org.a2ui.mosaic.focus.FocusManagerTest" time="0.0"/>
  <testcase name="isFocused returns correct value()" classname="org.a2ui.mosaic.focus.FocusManagerTest" time="0.001"/>
  <testcase name="set focus to specific component()" classname="org.a2ui.mosaic.focus.FocusManagerTest" time="0.001"/>
  <testcase name="focus previous cycles backwards()" classname="org.a2ui.mosaic.focus.FocusManagerTest" time="0.001"/>
  <testcase name="rebuild focus order from surface()" classname="org.a2ui.mosaic.focus.FocusManagerTest" time="0.0"/>
  <testcase name="empty surface has no focusable components()" classname="org.a2ui.mosaic.focus.FocusManagerTest" time="0.002"/>
  <system-out><![CDATA[]]></system-out>
  <system-err><![CDATA[]]></system-err>
</testsuite>
