<?xml version="1.0" encoding="UTF-8"?>
<testsuite name="org.a2ui.mosaic.model.MessageTest" tests="11" skipped="0" failures="0" errors="0" timestamp="2026-03-23T13:14:35" hostname="104c5d5889eb" time="0.08">
  <properties/>
  <testcase name="parse Button with event action()" classname="org.a2ui.mosaic.model.MessageTest" time="0.063"/>
  <testcase name="serialize client action message()" classname="org.a2ui.mosaic.model.MessageTest" time="0.002"/>
  <testcase name="parse updateComponents message with Text component()" classname="org.a2ui.mosaic.model.MessageTest" time="0.001"/>
  <testcase name="parse ChoicePicker component()" classname="org.a2ui.mosaic.model.MessageTest" time="0.002"/>
  <testcase name="parse updateDataModel message()" classname="org.a2ui.mosaic.model.MessageTest" time="0.001"/>
  <testcase name="parse Row with children()" classname="org.a2ui.mosaic.model.MessageTest" time="0.0"/>
  <testcase name="parse example file with multiple messages()" classname="org.a2ui.mosaic.model.MessageTest" time="0.002"/>
  <testcase name="parse CheckBox component()" classname="org.a2ui.mosaic.model.MessageTest" time="0.001"/>
  <testcase name="parse deleteSurface message()" classname="org.a2ui.mosaic.model.MessageTest" time="0.001"/>
  <testcase name="parse createSurface message()" classname="org.a2ui.mosaic.model.MessageTest" time="0.001"/>
  <testcase name="parse updateComponents with TextField and path binding()" classname="org.a2ui.mosaic.model.MessageTest" time="0.001"/>
  <system-out><![CDATA[]]></system-out>
  <system-err><![CDATA[]]></system-err>
</testsuite>
